<?xml version="1.0" encoding="UTF-8"?>
<testsuite xmlns:xsi="http://www.w3.org/2001/XMLSchema-instance" xsi:noNamespaceSchemaLocation="https://maven.apache.org/surefire/maven-surefire-plugin/xsd/surefire-test-report.xsd" name="com.sigma.service.LocationServiceTest" time="3.976" tests="5" errors="3" skipped="0" failures="0">
  <properties>
    <property name="java.specification.version" value="17"/>
    <property name="sun.cpu.isalist" value="amd64"/>
    <property name="sun.jnu.encoding" value="Cp1252"/>
    <property name="java.class.path" value="C:\Users\nadiia.mishahina\Documents\Sigma\QuizManager\target\test-classes;C:\Users\nadiia.mishahina\Documents\Sigma\QuizManager\target\classes;C:\Users\nadiia.mishahina\.m2\repository\org\springframework\boot\spring-boot-starter-data-jpa\2.6.5-SNAPSHOT\spring-boot-starter-data-jpa-2.6.5-SNAPSHOT.jar;C:\Users\nadiia.mishahina\.m2\repository\org\springframework\boot\spring-boot-starter-aop\2.6.5-SNAPSHOT\spring-boot-starter-aop-2.6.5-SNAPSHOT.jar;C:\Users\nadiia.mishahina\.m2\repository\org\aspectj\aspectjweaver\1.9.7\aspectjweaver-1.9.7.jar;C:\Users\nadiia.mishahina\.m2\repository\org\springframework\boot\spring-boot-starter-jdbc\2.6.5-SNAPSHOT\spring-boot-starter-jdbc-2.6.5-SNAPSHOT.jar;C:\Users\nadiia.mishahina\.m2\repository\com\zaxxer\HikariCP\4.0.3\HikariCP-4.0.3.jar;C:\Users\nadiia.mishahina\.m2\repository\org\springframework\spring-jdbc\5.3.17\spring-jdbc-5.3.17.jar;C:\Users\nadiia.mishahina\.m2\repository\jakarta\transaction\jakarta.transaction-api\1.3.3\jakarta.transaction-api-1.3.3.jar;C:\Users\nadiia.mishahina\.m2\repository\jakarta\persistence\jakarta.persistence-api\2.2.3\jakarta.persistence-api-2.2.3.jar;C:\Users\nadiia.mishahina\.m2\repository\org\hibernate\hibernate-core\5.6.7.Final\hibernate-core-5.6.7.Final.jar;C:\Users\nadiia.mishahina\.m2\repository\org\jboss\logging\jboss-logging\3.4.3.Final\jboss-logging-3.4.3.Final.jar;C:\Users\nadiia.mishahina\.m2\repository\net\bytebuddy\byte-buddy\1.11.22\byte-buddy-1.11.22.jar;C:\Users\nadiia.mishahina\.m2\repository\antlr\antlr\2.7.7\antlr-2.7.7.jar;C:\Users\nadiia.mishahina\.m2\repository\org\jboss\jandex\2.4.2.Final\jandex-2.4.2.Final.jar;C:\Users\nadiia.mishahina\.m2\repository\com\fasterxml\classmate\1.5.1\classmate-1.5.1.jar;C:\Users\nadiia.mishahina\.m2\repository\org\hibernate\common\hibernate-commons-annotations\5.1.2.Final\hibernate-commons-annotations-5.1.2.Final.jar;C:\Users\nadiia.mishahina\.m2\repository\org\glassfish\jaxb\jaxb-runtime\2.3.6\jaxb-runtime-2.3.6.jar;C:\Users\nadiia.mishahina\.m2\repository\org\glassfish\jaxb\txw2\2.3.6\txw2-2.3.6.jar;C:\Users\nadiia.mishahina\.m2\repository\com\sun\istack\istack-commons-runtime\3.0.12\istack-commons-runtime-3.0.12.jar;C:\Users\nadiia.mishahina\.m2\repository\com\sun\activation\jakarta.activation\1.2.2\jakarta.activation-1.2.2.jar;C:\Users\nadiia.mishahina\.m2\repository\org\springframework\data\spring-data-jpa\2.6.3\spring-data-jpa-2.6.3.jar;C:\Users\nadiia.mishahina\.m2\repository\org\springframework\data\spring-data-commons\2.6.3\spring-data-commons-2.6.3.jar;C:\Users\nadiia.mishahina\.m2\repository\org\springframework\spring-orm\5.3.17\spring-orm-5.3.17.jar;C:\Users\nadiia.mishahina\.m2\repository\org\springframework\spring-context\5.3.17\spring-context-5.3.17.jar;C:\Users\nadiia.mishahina\.m2\repository\org\springframework\spring-tx\5.3.17\spring-tx-5.3.17.jar;C:\Users\nadiia.mishahina\.m2\repository\org\springframework\spring-beans\5.3.17\spring-beans-5.3.17.jar;C:\Users\nadiia.mishahina\.m2\repository\org\slf4j\slf4j-api\1.7.36\slf4j-api-1.7.36.jar;C:\Users\nadiia.mishahina\.m2\repository\org\springframework\spring-aspects\5.3.17\spring-aspects-5.3.17.jar;C:\Users\nadiia.mishahina\.m2\repository\org\springframework\boot\spring-boot-starter-security\2.6.5-SNAPSHOT\spring-boot-starter-security-2.6.5-SNAPSHOT.jar;C:\Users\nadiia.mishahina\.m2\repository\org\springframework\boot\spring-boot-starter\2.6.5-SNAPSHOT\spring-boot-starter-2.6.5-SNAPSHOT.jar;C:\Users\nadiia.mishahina\.m2\repository\org\springframework\boot\spring-boot-starter-logging\2.6.5-SNAPSHOT\spring-boot-starter-logging-2.6.5-SNAPSHOT.jar;C:\Users\nadiia.mishahina\.m2\repository\ch\qos\logback\logback-classic\1.2.11\logback-classic-1.2.11.jar;C:\Users\nadiia.mishahina\.m2\repository\ch\qos\logback\logback-core\1.2.11\logback-core-1.2.11.jar;C:\Users\nadiia.mishahina\.m2\repository\org\apache\logging\log4j\log4j-to-slf4j\2.17.2\log4j-to-slf4j-2.17.2.jar;C:\Users\nadiia.mishahina\.m2\repository\org\apache\logging\log4j\log4j-api\2.17.2\log4j-api-2.17.2.jar;C:\Users\nadiia.mishahina\.m2\repository\org\slf4j\jul-to-slf4j\1.7.36\jul-to-slf4j-1.7.36.jar;C:\Users\nadiia.mishahina\.m2\repository\jakarta\annotation\jakarta.annotation-api\1.3.5\jakarta.annotation-api-1.3.5.jar;C:\Users\nadiia.mishahina\.m2\repository\org\yaml\snakeyaml\1.29\snakeyaml-1.29.jar;C:\Users\nadiia.mishahina\.m2\repository\org\springframework\spring-aop\5.3.17\spring-aop-5.3.17.jar;C:\Users\nadiia.mishahina\.m2\repository\org\springframework\security\spring-security-config\5.6.2\spring-security-config-5.6.2.jar;C:\Users\nadiia.mishahina\.m2\repository\org\springframework\security\spring-security-web\5.6.2\spring-security-web-5.6.2.jar;C:\Users\nadiia.mishahina\.m2\repository\org\springframework\spring-expression\5.3.17\spring-expression-5.3.17.jar;C:\Users\nadiia.mishahina\.m2\repository\org\springframework\boot\spring-boot-starter-web\2.6.5-SNAPSHOT\spring-boot-starter-web-2.6.5-SNAPSHOT.jar;C:\Users\nadiia.mishahina\.m2\repository\org\springframework\boot\spring-boot-starter-json\2.6.5-SNAPSHOT\spring-boot-starter-json-2.6.5-SNAPSHOT.jar;C:\Users\nadiia.mishahina\.m2\repository\com\fasterxml\jackson\datatype\jackson-datatype-jdk8\2.13.2\jackson-datatype-jdk8-2.13.2.jar;C:\Users\nadiia.mishahina\.m2\repository\com\fasterxml\jackson\datatype\jackson-datatype-jsr310\2.13.2\jackson-datatype-jsr310-2.13.2.jar;C:\Users\nadiia.mishahina\.m2\repository\com\fasterxml\jackson\module\jackson-module-parameter-names\2.13.2\jackson-module-parameter-names-2.13.2.jar;C:\Users\nadiia.mishahina\.m2\repository\org\springframework\boot\spring-boot-starter-tomcat\2.6.5-SNAPSHOT\spring-boot-starter-tomcat-2.6.5-SNAPSHOT.jar;C:\Users\nadiia.mishahina\.m2\repository\org\apache\tomcat\embed\tomcat-embed-core\9.0.60\tomcat-embed-core-9.0.60.jar;C:\Users\nadiia.mishahina\.m2\repository\org\apache\tomcat\embed\tomcat-embed-el\9.0.60\tomcat-embed-el-9.0.60.jar;C:\Users\nadiia.mishahina\.m2\repository\org\apache\tomcat\embed\tomcat-embed-websocket\9.0.60\tomcat-embed-websocket-9.0.60.jar;C:\Users\nadiia.mishahina\.m2\repository\org\springframework\spring-web\5.3.17\spring-web-5.3.17.jar;C:\Users\nadiia.mishahina\.m2\repository\org\springframework\spring-webmvc\5.3.17\spring-webmvc-5.3.17.jar;C:\Users\nadiia.mishahina\.m2\repository\org\springframework\boot\spring-boot-devtools\2.6.5-SNAPSHOT\spring-boot-devtools-2.6.5-SNAPSHOT.jar;C:\Users\nadiia.mishahina\.m2\repository\org\springframework\boot\spring-boot\2.6.5-SNAPSHOT\spring-boot-2.6.5-SNAPSHOT.jar;C:\Users\nadiia.mishahina\.m2\repository\org\springframework\boot\spring-boot-autoconfigure\2.6.5-SNAPSHOT\spring-boot-autoconfigure-2.6.5-SNAPSHOT.jar;C:\Users\nadiia.mishahina\.m2\repository\mysql\mysql-connector-java\8.0.28\mysql-connector-java-8.0.28.jar;C:\Users\nadiia.mishahina\.m2\repository\org\projectlombok\lombok\1.18.22\lombok-1.18.22.jar;C:\Users\nadiia.mishahina\.m2\repository\org\springframework\boot\spring-boot-starter-test\2.6.5-SNAPSHOT\spring-boot-starter-test-2.6.5-SNAPSHOT.jar;C:\Users\nadiia.mishahina\.m2\repository\org\springframework\boot\spring-boot-test\2.6.5-SNAPSHOT\spring-boot-test-2.6.5-SNAPSHOT.jar;C:\Users\nadiia.mishahina\.m2\repository\org\springframework\boot\spring-boot-test-autoconfigure\2.6.5-SNAPSHOT\spring-boot-test-autoconfigure-2.6.5-SNAPSHOT.jar;C:\Users\nadiia.mishahina\.m2\repository\com\jayway\jsonpath\json-path\2.6.0\json-path-2.6.0.jar;C:\Users\nadiia.mishahina\.m2\repository\net\minidev\json-smart\2.4.8\json-smart-2.4.8.jar;C:\Users\nadiia.mishahina\.m2\repository\net\minidev\accessors-smart\2.4.8\accessors-smart-2.4.8.jar;C:\Users\nadiia.mishahina\.m2\repository\org\ow2\asm\asm\9.1\asm-9.1.jar;C:\Users\nadiia.mishahina\.m2\repository\jakarta\xml\bind\jakarta.xml.bind-api\2.3.3\jakarta.xml.bind-api-2.3.3.jar;C:\Users\nadiia.mishahina\.m2\repository\jakarta\activation\jakarta.activation-api\1.2.2\jakarta.activation-api-1.2.2.jar;C:\Users\nadiia.mishahina\.m2\repository\org\assertj\assertj-core\3.21.0\assertj-core-3.21.0.jar;C:\Users\nadiia.mishahina\.m2\repository\org\hamcrest\hamcrest\2.2\hamcrest-2.2.jar;C:\Users\nadiia.mishahina\.m2\repository\org\junit\jupiter\junit-jupiter\5.8.2\junit-jupiter-5.8.2.jar;C:\Users\nadiia.mishahina\.m2\repository\org\junit\jupiter\junit-jupiter-api\5.8.2\junit-jupiter-api-5.8.2.jar;C:\Users\nadiia.mishahina\.m2\repository\org\opentest4j\opentest4j\1.2.0\opentest4j-1.2.0.jar;C:\Users\nadiia.mishahina\.m2\repository\org\junit\platform\junit-platform-commons\1.8.2\junit-platform-commons-1.8.2.jar;C:\Users\nadiia.mishahina\.m2\repository\org\apiguardian\apiguardian-api\1.1.2\apiguardian-api-1.1.2.jar;C:\Users\nadiia.mishahina\.m2\repository\org\junit\jupiter\junit-jupiter-params\5.8.2\junit-jupiter-params-5.8.2.jar;C:\Users\nadiia.mishahina\.m2\repository\org\junit\jupiter\junit-jupiter-engine\5.8.2\junit-jupiter-engine-5.8.2.jar;C:\Users\nadiia.mishahina\.m2\repository\org\junit\platform\junit-platform-engine\1.8.2\junit-platform-engine-1.8.2.jar;C:\Users\nadiia.mishahina\.m2\repository\org\mockito\mockito-core\4.0.0\mockito-core-4.0.0.jar;C:\Users\nadiia.mishahina\.m2\repository\net\bytebuddy\byte-buddy-agent\1.11.22\byte-buddy-agent-1.11.22.jar;C:\Users\nadiia.mishahina\.m2\repository\org\objenesis\objenesis\3.2\objenesis-3.2.jar;C:\Users\nadiia.mishahina\.m2\repository\org\mockito\mockito-junit-jupiter\4.0.0\mockito-junit-jupiter-4.0.0.jar;C:\Users\nadiia.mishahina\.m2\repository\org\skyscreamer\jsonassert\1.5.0\jsonassert-1.5.0.jar;C:\Users\nadiia.mishahina\.m2\repository\com\vaadin\external\google\android-json\0.0.20131108.vaadin1\android-json-0.0.20131108.vaadin1.jar;C:\Users\nadiia.mishahina\.m2\repository\org\springframework\spring-core\5.3.17\spring-core-5.3.17.jar;C:\Users\nadiia.mishahina\.m2\repository\org\springframework\spring-jcl\5.3.17\spring-jcl-5.3.17.jar;C:\Users\nadiia.mishahina\.m2\repository\org\springframework\spring-test\5.3.17\spring-test-5.3.17.jar;C:\Users\nadiia.mishahina\.m2\repository\org\xmlunit\xmlunit-core\2.8.4\xmlunit-core-2.8.4.jar;C:\Users\nadiia.mishahina\.m2\repository\org\springframework\security\spring-security-test\5.6.2\spring-security-test-5.6.2.jar;C:\Users\nadiia.mishahina\.m2\repository\org\springframework\security\spring-security-core\5.6.2\spring-security-core-5.6.2.jar;C:\Users\nadiia.mishahina\.m2\repository\org\springframework\security\spring-security-crypto\5.6.2\spring-security-crypto-5.6.2.jar;C:\Users\nadiia.mishahina\.m2\repository\com\auth0\java-jwt\3.18.3\java-jwt-3.18.3.jar;C:\Users\nadiia.mishahina\.m2\repository\com\fasterxml\jackson\core\jackson-databind\2.13.2\jackson-databind-2.13.2.jar;C:\Users\nadiia.mishahina\.m2\repository\com\fasterxml\jackson\core\jackson-annotations\2.13.2\jackson-annotations-2.13.2.jar;C:\Users\nadiia.mishahina\.m2\repository\com\fasterxml\jackson\core\jackson-core\2.13.2\jackson-core-2.13.2.jar;C:\Users\nadiia.mishahina\.m2\repository\org\mockito\mockito-all\1.10.19\mockito-all-1.10.19.jar;"/>
    <property name="java.vm.vendor" value="Oracle Corporation"/>
    <property name="sun.arch.data.model" value="64"/>
    <property name="user.variant" value=""/>
    <property name="java.vendor.url" value="https://java.oracle.com/"/>
    <property name="user.timezone" value="Europe/Kiev"/>
    <property name="os.name" value="Windows 10"/>
    <property name="java.vm.specification.version" value="17"/>
    <property name="sun.java.launcher" value="SUN_STANDARD"/>
    <property name="user.country" value="US"/>
    <property name="sun.boot.library.path" value="C:\Users\nadiia.mishahina\.jdks\openjdk-17.0.2\bin"/>
    <property name="sun.java.command" value="C:\Users\NADIIA~1.MIS\AppData\Local\Temp\surefire3154691904718894833\surefirebooter17671407668407684957.jar C:\Users\nadiia.mishahina\AppData\Local\Temp\surefire3154691904718894833 2022-03-29T17-43-59_369-jvmRun1 surefire7875381701383262596tmp surefire_013690967614804217329tmp"/>
    <property name="jdk.debug" value="release"/>
    <property name="surefire.test.class.path" value="C:\Users\nadiia.mishahina\Documents\Sigma\QuizManager\target\test-classes;C:\Users\nadiia.mishahina\Documents\Sigma\QuizManager\target\classes;C:\Users\nadiia.mishahina\.m2\repository\org\springframework\boot\spring-boot-starter-data-jpa\2.6.5-SNAPSHOT\spring-boot-starter-data-jpa-2.6.5-SNAPSHOT.jar;C:\Users\nadiia.mishahina\.m2\repository\org\springframework\boot\spring-boot-starter-aop\2.6.5-SNAPSHOT\spring-boot-starter-aop-2.6.5-SNAPSHOT.jar;C:\Users\nadiia.mishahina\.m2\repository\org\aspectj\aspectjweaver\1.9.7\aspectjweaver-1.9.7.jar;C:\Users\nadiia.mishahina\.m2\repository\org\springframework\boot\spring-boot-starter-jdbc\2.6.5-SNAPSHOT\spring-boot-starter-jdbc-2.6.5-SNAPSHOT.jar;C:\Users\nadiia.mishahina\.m2\repository\com\zaxxer\HikariCP\4.0.3\HikariCP-4.0.3.jar;C:\Users\nadiia.mishahina\.m2\repository\org\springframework\spring-jdbc\5.3.17\spring-jdbc-5.3.17.jar;C:\Users\nadiia.mishahina\.m2\repository\jakarta\transaction\jakarta.transaction-api\1.3.3\jakarta.transaction-api-1.3.3.jar;C:\Users\nadiia.mishahina\.m2\repository\jakarta\persistence\jakarta.persistence-api\2.2.3\jakarta.persistence-api-2.2.3.jar;C:\Users\nadiia.mishahina\.m2\repository\org\hibernate\hibernate-core\5.6.7.Final\hibernate-core-5.6.7.Final.jar;C:\Users\nadiia.mishahina\.m2\repository\org\jboss\logging\jboss-logging\3.4.3.Final\jboss-logging-3.4.3.Final.jar;C:\Users\nadiia.mishahina\.m2\repository\net\bytebuddy\byte-buddy\1.11.22\byte-buddy-1.11.22.jar;C:\Users\nadiia.mishahina\.m2\repository\antlr\antlr\2.7.7\antlr-2.7.7.jar;C:\Users\nadiia.mishahina\.m2\repository\org\jboss\jandex\2.4.2.Final\jandex-2.4.2.Final.jar;C:\Users\nadiia.mishahina\.m2\repository\com\fasterxml\classmate\1.5.1\classmate-1.5.1.jar;C:\Users\nadiia.mishahina\.m2\repository\org\hibernate\common\hibernate-commons-annotations\5.1.2.Final\hibernate-commons-annotations-5.1.2.Final.jar;C:\Users\nadiia.mishahina\.m2\repository\org\glassfish\jaxb\jaxb-runtime\2.3.6\jaxb-runtime-2.3.6.jar;C:\Users\nadiia.mishahina\.m2\repository\org\glassfish\jaxb\txw2\2.3.6\txw2-2.3.6.jar;C:\Users\nadiia.mishahina\.m2\repository\com\sun\istack\istack-commons-runtime\3.0.12\istack-commons-runtime-3.0.12.jar;C:\Users\nadiia.mishahina\.m2\repository\com\sun\activation\jakarta.activation\1.2.2\jakarta.activation-1.2.2.jar;C:\Users\nadiia.mishahina\.m2\repository\org\springframework\data\spring-data-jpa\2.6.3\spring-data-jpa-2.6.3.jar;C:\Users\nadiia.mishahina\.m2\repository\org\springframework\data\spring-data-commons\2.6.3\spring-data-commons-2.6.3.jar;C:\Users\nadiia.mishahina\.m2\repository\org\springframework\spring-orm\5.3.17\spring-orm-5.3.17.jar;C:\Users\nadiia.mishahina\.m2\repository\org\springframework\spring-context\5.3.17\spring-context-5.3.17.jar;C:\Users\nadiia.mishahina\.m2\repository\org\springframework\spring-tx\5.3.17\spring-tx-5.3.17.jar;C:\Users\nadiia.mishahina\.m2\repository\org\springframework\spring-beans\5.3.17\spring-beans-5.3.17.jar;C:\Users\nadiia.mishahina\.m2\repository\org\slf4j\slf4j-api\1.7.36\slf4j-api-1.7.36.jar;C:\Users\nadiia.mishahina\.m2\repository\org\springframework\spring-aspects\5.3.17\spring-aspects-5.3.17.jar;C:\Users\nadiia.mishahina\.m2\repository\org\springframework\boot\spring-boot-starter-security\2.6.5-SNAPSHOT\spring-boot-starter-security-2.6.5-SNAPSHOT.jar;C:\Users\nadiia.mishahina\.m2\repository\org\springframework\boot\spring-boot-starter\2.6.5-SNAPSHOT\spring-boot-starter-2.6.5-SNAPSHOT.jar;C:\Users\nadiia.mishahina\.m2\repository\org\springframework\boot\spring-boot-starter-logging\2.6.5-SNAPSHOT\spring-boot-starter-logging-2.6.5-SNAPSHOT.jar;C:\Users\nadiia.mishahina\.m2\repository\ch\qos\logback\logback-classic\1.2.11\logback-classic-1.2.11.jar;C:\Users\nadiia.mishahina\.m2\repository\ch\qos\logback\logback-core\1.2.11\logback-core-1.2.11.jar;C:\Users\nadiia.mishahina\.m2\repository\org\apache\logging\log4j\log4j-to-slf4j\2.17.2\log4j-to-slf4j-2.17.2.jar;C:\Users\nadiia.mishahina\.m2\repository\org\apache\logging\log4j\log4j-api\2.17.2\log4j-api-2.17.2.jar;C:\Users\nadiia.mishahina\.m2\repository\org\slf4j\jul-to-slf4j\1.7.36\jul-to-slf4j-1.7.36.jar;C:\Users\nadiia.mishahina\.m2\repository\jakarta\annotation\jakarta.annotation-api\1.3.5\jakarta.annotation-api-1.3.5.jar;C:\Users\nadiia.mishahina\.m2\repository\org\yaml\snakeyaml\1.29\snakeyaml-1.29.jar;C:\Users\nadiia.mishahina\.m2\repository\org\springframework\spring-aop\5.3.17\spring-aop-5.3.17.jar;C:\Users\nadiia.mishahina\.m2\repository\org\springframework\security\spring-security-config\5.6.2\spring-security-config-5.6.2.jar;C:\Users\nadiia.mishahina\.m2\repository\org\springframework\security\spring-security-web\5.6.2\spring-security-web-5.6.2.jar;C:\Users\nadiia.mishahina\.m2\repository\org\springframework\spring-expression\5.3.17\spring-expression-5.3.17.jar;C:\Users\nadiia.mishahina\.m2\repository\org\springframework\boot\spring-boot-starter-web\2.6.5-SNAPSHOT\spring-boot-starter-web-2.6.5-SNAPSHOT.jar;C:\Users\nadiia.mishahina\.m2\repository\org\springframework\boot\spring-boot-starter-json\2.6.5-SNAPSHOT\spring-boot-starter-json-2.6.5-SNAPSHOT.jar;C:\Users\nadiia.mishahina\.m2\repository\com\fasterxml\jackson\datatype\jackson-datatype-jdk8\2.13.2\jackson-datatype-jdk8-2.13.2.jar;C:\Users\nadiia.mishahina\.m2\repository\com\fasterxml\jackson\datatype\jackson-datatype-jsr310\2.13.2\jackson-datatype-jsr310-2.13.2.jar;C:\Users\nadiia.mishahina\.m2\repository\com\fasterxml\jackson\module\jackson-module-parameter-names\2.13.2\jackson-module-parameter-names-2.13.2.jar;C:\Users\nadiia.mishahina\.m2\repository\org\springframework\boot\spring-boot-starter-tomcat\2.6.5-SNAPSHOT\spring-boot-starter-tomcat-2.6.5-SNAPSHOT.jar;C:\Users\nadiia.mishahina\.m2\repository\org\apache\tomcat\embed\tomcat-embed-core\9.0.60\tomcat-embed-core-9.0.60.jar;C:\Users\nadiia.mishahina\.m2\repository\org\apache\tomcat\embed\tomcat-embed-el\9.0.60\tomcat-embed-el-9.0.60.jar;C:\Users\nadiia.mishahina\.m2\repository\org\apache\tomcat\embed\tomcat-embed-websocket\9.0.60\tomcat-embed-websocket-9.0.60.jar;C:\Users\nadiia.mishahina\.m2\repository\org\springframework\spring-web\5.3.17\spring-web-5.3.17.jar;C:\Users\nadiia.mishahina\.m2\repository\org\springframework\spring-webmvc\5.3.17\spring-webmvc-5.3.17.jar;C:\Users\nadiia.mishahina\.m2\repository\org\springframework\boot\spring-boot-devtools\2.6.5-SNAPSHOT\spring-boot-devtools-2.6.5-SNAPSHOT.jar;C:\Users\nadiia.mishahina\.m2\repository\org\springframework\boot\spring-boot\2.6.5-SNAPSHOT\spring-boot-2.6.5-SNAPSHOT.jar;C:\Users\nadiia.mishahina\.m2\repository\org\springframework\boot\spring-boot-autoconfigure\2.6.5-SNAPSHOT\spring-boot-autoconfigure-2.6.5-SNAPSHOT.jar;C:\Users\nadiia.mishahina\.m2\repository\mysql\mysql-connector-java\8.0.28\mysql-connector-java-8.0.28.jar;C:\Users\nadiia.mishahina\.m2\repository\org\projectlombok\lombok\1.18.22\lombok-1.18.22.jar;C:\Users\nadiia.mishahina\.m2\repository\org\springframework\boot\spring-boot-starter-test\2.6.5-SNAPSHOT\spring-boot-starter-test-2.6.5-SNAPSHOT.jar;C:\Users\nadiia.mishahina\.m2\repository\org\springframework\boot\spring-boot-test\2.6.5-SNAPSHOT\spring-boot-test-2.6.5-SNAPSHOT.jar;C:\Users\nadiia.mishahina\.m2\repository\org\springframework\boot\spring-boot-test-autoconfigure\2.6.5-SNAPSHOT\spring-boot-test-autoconfigure-2.6.5-SNAPSHOT.jar;C:\Users\nadiia.mishahina\.m2\repository\com\jayway\jsonpath\json-path\2.6.0\json-path-2.6.0.jar;C:\Users\nadiia.mishahina\.m2\repository\net\minidev\json-smart\2.4.8\json-smart-2.4.8.jar;C:\Users\nadiia.mishahina\.m2\repository\net\minidev\accessors-smart\2.4.8\accessors-smart-2.4.8.jar;C:\Users\nadiia.mishahina\.m2\repository\org\ow2\asm\asm\9.1\asm-9.1.jar;C:\Users\nadiia.mishahina\.m2\repository\jakarta\xml\bind\jakarta.xml.bind-api\2.3.3\jakarta.xml.bind-api-2.3.3.jar;C:\Users\nadiia.mishahina\.m2\repository\jakarta\activation\jakarta.activation-api\1.2.2\jakarta.activation-api-1.2.2.jar;C:\Users\nadiia.mishahina\.m2\repository\org\assertj\assertj-core\3.21.0\assertj-core-3.21.0.jar;C:\Users\nadiia.mishahina\.m2\repository\org\hamcrest\hamcrest\2.2\hamcrest-2.2.jar;C:\Users\nadiia.mishahina\.m2\repository\org\junit\jupiter\junit-jupiter\5.8.2\junit-jupiter-5.8.2.jar;C:\Users\nadiia.mishahina\.m2\repository\org\junit\jupiter\junit-jupiter-api\5.8.2\junit-jupiter-api-5.8.2.jar;C:\Users\nadiia.mishahina\.m2\repository\org\opentest4j\opentest4j\1.2.0\opentest4j-1.2.0.jar;C:\Users\nadiia.mishahina\.m2\repository\org\junit\platform\junit-platform-commons\1.8.2\junit-platform-commons-1.8.2.jar;C:\Users\nadiia.mishahina\.m2\repository\org\apiguardian\apiguardian-api\1.1.2\apiguardian-api-1.1.2.jar;C:\Users\nadiia.mishahina\.m2\repository\org\junit\jupiter\junit-jupiter-params\5.8.2\junit-jupiter-params-5.8.2.jar;C:\Users\nadiia.mishahina\.m2\repository\org\junit\jupiter\junit-jupiter-engine\5.8.2\junit-jupiter-engine-5.8.2.jar;C:\Users\nadiia.mishahina\.m2\repository\org\junit\platform\junit-platform-engine\1.8.2\junit-platform-engine-1.8.2.jar;C:\Users\nadiia.mishahina\.m2\repository\org\mockito\mockito-core\4.0.0\mockito-core-4.0.0.jar;C:\Users\nadiia.mishahina\.m2\repository\net\bytebuddy\byte-buddy-agent\1.11.22\byte-buddy-agent-1.11.22.jar;C:\Users\nadiia.mishahina\.m2\repository\org\objenesis\objenesis\3.2\objenesis-3.2.jar;C:\Users\nadiia.mishahina\.m2\repository\org\mockito\mockito-junit-jupiter\4.0.0\mockito-junit-jupiter-4.0.0.jar;C:\Users\nadiia.mishahina\.m2\repository\org\skyscreamer\jsonassert\1.5.0\jsonassert-1.5.0.jar;C:\Users\nadiia.mishahina\.m2\repository\com\vaadin\external\google\android-json\0.0.20131108.vaadin1\android-json-0.0.20131108.vaadin1.jar;C:\Users\nadiia.mishahina\.m2\repository\org\springframework\spring-core\5.3.17\spring-core-5.3.17.jar;C:\Users\nadiia.mishahina\.m2\repository\org\springframework\spring-jcl\5.3.17\spring-jcl-5.3.17.jar;C:\Users\nadiia.mishahina\.m2\repository\org\springframework\spring-test\5.3.17\spring-test-5.3.17.jar;C:\Users\nadiia.mishahina\.m2\repository\org\xmlunit\xmlunit-core\2.8.4\xmlunit-core-2.8.4.jar;C:\Users\nadiia.mishahina\.m2\repository\org\springframework\security\spring-security-test\5.6.2\spring-security-test-5.6.2.jar;C:\Users\nadiia.mishahina\.m2\repository\org\springframework\security\spring-security-core\5.6.2\spring-security-core-5.6.2.jar;C:\Users\nadiia.mishahina\.m2\repository\org\springframework\security\spring-security-crypto\5.6.2\spring-security-crypto-5.6.2.jar;C:\Users\nadiia.mishahina\.m2\repository\com\auth0\java-jwt\3.18.3\java-jwt-3.18.3.jar;C:\Users\nadiia.mishahina\.m2\repository\com\fasterxml\jackson\core\jackson-databind\2.13.2\jackson-databind-2.13.2.jar;C:\Users\nadiia.mishahina\.m2\repository\com\fasterxml\jackson\core\jackson-annotations\2.13.2\jackson-annotations-2.13.2.jar;C:\Users\nadiia.mishahina\.m2\repository\com\fasterxml\jackson\core\jackson-core\2.13.2\jackson-core-2.13.2.jar;C:\Users\nadiia.mishahina\.m2\repository\org\mockito\mockito-all\1.10.19\mockito-all-1.10.19.jar;"/>
    <property name="sun.cpu.endian" value="little"/>
    <property name="user.home" value="C:\Users\nadiia.mishahina"/>
    <property name="user.language" value="en"/>
    <property name="java.specification.vendor" value="Oracle Corporation"/>
    <property name="java.version.date" value="2022-01-18"/>
    <property name="java.home" value="C:\Users\nadiia.mishahina\.jdks\openjdk-17.0.2"/>
    <property name="file.separator" value="\"/>
    <property name="basedir" value="C:\Users\nadiia.mishahina\Documents\Sigma\QuizManager"/>
    <property name="java.vm.compressedOopsMode" value="Zero based"/>
    <property name="line.separator" value="&#10;"/>
    <property name="java.vm.specification.vendor" value="Oracle Corporation"/>
    <property name="java.specification.name" value="Java Platform API Specification"/>
    <property name="surefire.real.class.path" value="C:\Users\NADIIA~1.MIS\AppData\Local\Temp\surefire3154691904718894833\surefirebooter17671407668407684957.jar"/>
    <property name="user.script" value=""/>
    <property name="sun.management.compiler" value="HotSpot 64-Bit Tiered Compilers"/>
    <property name="java.runtime.version" value="17.0.2+8-86"/>
    <property name="user.name" value="nadiia.mishahina"/>
    <property name="path.separator" value=";"/>
    <property name="os.version" value="10.0"/>
    <property name="java.runtime.name" value="OpenJDK Runtime Environment"/>
    <property name="file.encoding" value="Cp1252"/>
    <property name="java.vm.name" value="OpenJDK 64-Bit Server VM"/>
    <property name="localRepository" value="C:\Users\nadiia.mishahina\.m2\repository"/>
    <property name="java.vendor.url.bug" value="https://bugreport.java.com/bugreport/"/>
    <property name="java.io.tmpdir" value="C:\Users\NADIIA~1.MIS\AppData\Local\Temp\"/>
    <property name="idea.version" value="2021.3.3"/>
    <property name="java.version" value="17.0.2"/>
    <property name="user.dir" value="C:\Users\nadiia.mishahina\Documents\Sigma\QuizManager"/>
    <property name="os.arch" value="amd64"/>
    <property name="java.vm.specification.name" value="Java Virtual Machine Specification"/>
    <property name="sun.os.patch.level" value=""/>
    <property name="native.encoding" value="Cp1252"/>
    <property name="java.library.path" value="C:\Users\nadiia.mishahina\.jdks\openjdk-17.0.2\bin;C:\WINDOWS\Sun\Java\bin;C:\WINDOWS\system32;C:\WINDOWS;C:\WINDOWS\system32;C:\WINDOWS;C:\WINDOWS\System32\Wbem;C:\WINDOWS\System32\WindowsPowerShell\v1.0\;C:\WINDOWS\System32\OpenSSH\;C:\Program Files\Git\cmd;C:\Program Files\MySQL\MySQL Shell 8.0\bin\;C:\Users\nadiia.mishahina\AppData\Local\Microsoft\WindowsApps;C:\Program Files\JetBrains\IntelliJ IDEA 2021.3.2\bin;."/>
    <property name="java.vm.info" value="mixed mode, sharing"/>
    <property name="java.vendor" value="Oracle Corporation"/>
    <property name="java.vm.version" value="17.0.2+8-86"/>
    <property name="sun.io.unicode.encoding" value="UnicodeLittle"/>
    <property name="java.class.version" value="61.0"/>
  </properties>
  <testcase name="deleteLocationTest" classname="com.sigma.service.LocationServiceTest" time="0.247">
    <error type="javax.persistence.EntityNotFoundException">javax.persistence.EntityNotFoundException
	at com.sigma.service.LocationServiceTest.deleteLocationTest(LocationServiceTest.java:58)
</error>
    <system-out><![CDATA[17:44:00.013 [main] DEBUG org.springframework.test.context.BootstrapUtils - Instantiating CacheAwareContextLoaderDelegate from class [org.springframework.test.context.cache.DefaultCacheAwareContextLoaderDelegate]
17:44:00.020 [main] DEBUG org.springframework.test.context.BootstrapUtils - Instantiating BootstrapContext using constructor [public org.springframework.test.context.support.DefaultBootstrapContext(java.lang.Class,org.springframework.test.context.CacheAwareContextLoaderDelegate)]
17:44:00.043 [main] DEBUG org.springframework.test.context.BootstrapUtils - Instantiating TestContextBootstrapper for test class [com.sigma.service.LocationServiceTest] from class [org.springframework.boot.test.context.SpringBootTestContextBootstrapper]
17:44:00.052 [main] INFO org.springframework.boot.test.context.SpringBootTestContextBootstrapper - Neither @ContextConfiguration nor @ContextHierarchy found for test class [com.sigma.service.LocationServiceTest], using SpringBootContextLoader
17:44:00.055 [main] DEBUG org.springframework.test.context.support.AbstractContextLoader - Did not detect default resource location for test class [com.sigma.service.LocationServiceTest]: class path resource [com/sigma/service/LocationServiceTest-context.xml] does not exist
17:44:00.055 [main] DEBUG org.springframework.test.context.support.AbstractContextLoader - Did not detect default resource location for test class [com.sigma.service.LocationServiceTest]: class path resource [com/sigma/service/LocationServiceTestContext.groovy] does not exist
17:44:00.055 [main] INFO org.springframework.test.context.support.AbstractContextLoader - Could not detect default resource locations for test class [com.sigma.service.LocationServiceTest]: no resource found for suffixes {-context.xml, Context.groovy}.
17:44:00.055 [main] INFO org.springframework.test.context.support.AnnotationConfigContextLoaderUtils - Could not detect default configuration classes for test class [com.sigma.service.LocationServiceTest]: LocationServiceTest does not declare any static, non-private, non-final, nested classes annotated with @Configuration.
17:44:00.090 [main] DEBUG org.springframework.test.context.support.ActiveProfilesUtils - Could not find an 'annotation declaring class' for annotation type [org.springframework.test.context.ActiveProfiles] and class [com.sigma.service.LocationServiceTest]
17:44:00.131 [main] DEBUG org.springframework.context.annotation.ClassPathScanningCandidateComponentProvider - Identified candidate component class: file [C:\Users\nadiia.mishahina\Documents\Sigma\QuizManager\target\classes\com\sigma\Application.class]
17:44:00.132 [main] INFO org.springframework.boot.test.context.SpringBootTestContextBootstrapper - Found @SpringBootConfiguration com.sigma.Application for test class com.sigma.service.LocationServiceTest
17:44:00.205 [main] DEBUG org.springframework.boot.test.context.SpringBootTestContextBootstrapper - @TestExecutionListeners is not present for class [com.sigma.service.LocationServiceTest]: using defaults.
17:44:00.206 [main] INFO org.springframework.boot.test.context.SpringBootTestContextBootstrapper - Loaded default TestExecutionListener class names from location [META-INF/spring.factories]: [org.springframework.boot.test.mock.mockito.MockitoTestExecutionListener, org.springframework.boot.test.mock.mockito.ResetMocksTestExecutionListener, org.springframework.boot.test.autoconfigure.restdocs.RestDocsTestExecutionListener, org.springframework.boot.test.autoconfigure.web.client.MockRestServiceServerResetTestExecutionListener, org.springframework.boot.test.autoconfigure.web.servlet.MockMvcPrintOnlyOnFailureTestExecutionListener, org.springframework.boot.test.autoconfigure.web.servlet.WebDriverTestExecutionListener, org.springframework.boot.test.autoconfigure.webservices.client.MockWebServiceServerTestExecutionListener, org.springframework.test.context.web.ServletTestExecutionListener, org.springframework.test.context.support.DirtiesContextBeforeModesTestExecutionListener, org.springframework.test.context.event.ApplicationEventsTestExecutionListener, org.springframework.test.context.support.DependencyInjectionTestExecutionListener, org.springframework.test.context.support.DirtiesContextTestExecutionListener, org.springframework.test.context.transaction.TransactionalTestExecutionListener, org.springframework.test.context.jdbc.SqlScriptsTestExecutionListener, org.springframework.test.context.event.EventPublishingTestExecutionListener, org.springframework.security.test.context.support.WithSecurityContextTestExecutionListener, org.springframework.security.test.context.support.ReactorContextTestExecutionListener]
17:44:00.219 [main] INFO org.springframework.boot.test.context.SpringBootTestContextBootstrapper - Using TestExecutionListeners: [org.springframework.test.context.web.ServletTestExecutionListener@2fd953a6, org.springframework.test.context.support.DirtiesContextBeforeModesTestExecutionListener@a4add54, org.springframework.test.context.event.ApplicationEventsTestExecutionListener@141e5bef, org.springframework.boot.test.mock.mockito.MockitoTestExecutionListener@5f9be66c, org.springframework.boot.test.autoconfigure.SpringBootDependencyInjectionTestExecutionListener@3abada5a, org.springframework.test.context.support.DirtiesContextTestExecutionListener@66c61024, org.springframework.test.context.transaction.TransactionalTestExecutionListener@61fe30, org.springframework.test.context.jdbc.SqlScriptsTestExecutionListener@c9d0d6, org.springframework.test.context.event.EventPublishingTestExecutionListener@6ccdb29f, org.springframework.security.test.context.support.WithSecurityContextTestExecutionListener@3adcc812, org.springframework.security.test.context.support.ReactorContextTestExecutionListener@35432107, org.springframework.boot.test.mock.mockito.ResetMocksTestExecutionListener@7b420819, org.springframework.boot.test.autoconfigure.restdocs.RestDocsTestExecutionListener@7a1a14a4, org.springframework.boot.test.autoconfigure.web.client.MockRestServiceServerResetTestExecutionListener@265adfad, org.springframework.boot.test.autoconfigure.web.servlet.MockMvcPrintOnlyOnFailureTestExecutionListener@a3d9978, org.springframework.boot.test.autoconfigure.web.servlet.WebDriverTestExecutionListener@61544ae6, org.springframework.boot.test.autoconfigure.webservices.client.MockWebServiceServerTestExecutionListener@4b41dd5c]
17:44:00.222 [main] DEBUG org.springframework.test.context.support.AbstractDirtiesContextTestExecutionListener - Before test class: context [DefaultTestContext@77128536 testClass = LocationServiceTest, testInstance = [null], testMethod = [null], testException = [null], mergedContextConfiguration = [WebMergedContextConfiguration@58326051 testClass = LocationServiceTest, locations = '{}', classes = '{class com.sigma.Application}', contextInitializerClasses = '[]', activeProfiles = '{}', propertySourceLocations = '{}', propertySourceProperties = '{org.springframework.boot.test.context.SpringBootTestContextBootstrapper=true}', contextCustomizers = set[org.springframework.boot.test.context.filter.ExcludeFilterContextCustomizer@169e6180, org.springframework.boot.test.json.DuplicateJsonObjectContextCustomizerFactory$DuplicateJsonObjectContextCustomizer@47987356, org.springframework.boot.test.mock.mockito.MockitoContextCustomizer@0, org.springframework.boot.test.web.client.TestRestTemplateContextCustomizer@7bd4937b, org.springframework.boot.test.autoconfigure.actuate.metrics.MetricsExportContextCustomizerFactory$DisableMetricExportContextCustomizer@209da20d, org.springframework.boot.test.autoconfigure.properties.PropertyMappingContextCustomizer@0, org.springframework.boot.test.autoconfigure.web.servlet.WebDriverContextCustomizerFactory$Customizer@31fa1761, org.springframework.boot.test.context.SpringBootTestArgs@1, org.springframework.boot.test.context.SpringBootTestWebEnvironment@c46bcd4], resourceBasePath = 'src/main/webapp', contextLoader = 'org.springframework.boot.test.context.SpringBootContextLoader', parent = [null]], attributes = map['org.springframework.test.context.web.ServletTestExecutionListener.activateListener' -> true]], class annotated with @DirtiesContext [false] with mode [null].

  .   ____          _            __ _ _
 /\\ / ___'_ __ _ _(_)_ __  __ _ \ \ \ \
( ( )\___ | '_ | '_| | '_ \/ _` | \ \ \ \
 \\/  ___)| |_)| | | | | || (_| |  ) ) ) )
  '  |____| .__|_| |_|_| |_\__, | / / / /
 =========|_|==============|___/=/_/_/_/
 :: Spring Boot ::       (v2.6.5-SNAPSHOT)

2022-03-29 17:44:00.455  INFO 13348 --- [           main] com.sigma.service.LocationServiceTest    : Starting LocationServiceTest using Java 17.0.2 on dp-mobile-57 with PID 13348 (started by nadiia.mishahina in C:\Users\nadiia.mishahina\Documents\Sigma\QuizManager)
2022-03-29 17:44:00.456  INFO 13348 --- [           main] com.sigma.service.LocationServiceTest    : No active profile set, falling back to 1 default profile: "default"
2022-03-29 17:44:00.928  INFO 13348 --- [           main] .s.d.r.c.RepositoryConfigurationDelegate : Bootstrapping Spring Data JPA repositories in DEFAULT mode.
2022-03-29 17:44:00.987  INFO 13348 --- [           main] .s.d.r.c.RepositoryConfigurationDelegate : Finished Spring Data repository scanning in 51 ms. Found 5 JPA repository interfaces.
2022-03-29 17:44:01.419  INFO 13348 --- [           main] o.hibernate.jpa.internal.util.LogHelper  : HHH000204: Processing PersistenceUnitInfo [name: default]
2022-03-29 17:44:01.453  INFO 13348 --- [           main] org.hibernate.Version                    : HHH000412: Hibernate ORM core version 5.6.7.Final
2022-03-29 17:44:01.566  INFO 13348 --- [           main] o.hibernate.annotations.common.Version   : HCANN000001: Hibernate Commons Annotations {5.1.2.Final}
2022-03-29 17:44:01.667  INFO 13348 --- [           main] com.zaxxer.hikari.HikariDataSource       : HikariPool-1 - Starting...
2022-03-29 17:44:01.914  INFO 13348 --- [           main] com.zaxxer.hikari.HikariDataSource       : HikariPool-1 - Start completed.
2022-03-29 17:44:01.923  INFO 13348 --- [           main] org.hibernate.dialect.Dialect            : HHH000400: Using dialect: org.hibernate.dialect.MySQL57Dialect
2022-03-29 17:44:02.523  INFO 13348 --- [           main] o.h.e.t.j.p.i.JtaPlatformInitiator       : HHH000490: Using JtaPlatform implementation: [org.hibernate.engine.transaction.jta.platform.internal.NoJtaPlatform]
2022-03-29 17:44:02.530  INFO 13348 --- [           main] j.LocalContainerEntityManagerFactoryBean : Initialized JPA EntityManagerFactory for persistence unit 'default'
2022-03-29 17:44:02.573  WARN 13348 --- [           main] JpaBaseConfiguration$JpaWebConfiguration : spring.jpa.open-in-view is enabled by default. Therefore, database queries may be performed during view rendering. Explicitly configure spring.jpa.open-in-view to disable this warning
2022-03-29 17:44:03.032  INFO 13348 --- [           main] o.s.s.web.DefaultSecurityFilterChain     : Will not secure any request
2022-03-29 17:44:03.615  INFO 13348 --- [           main] com.sigma.service.LocationServiceTest    : Started LocationServiceTest in 3.352 seconds (JVM running for 4.039)
2022-03-29 17:44:03.638  INFO 13348 --- [           main] o.s.t.c.transaction.TransactionContext   : Began transaction (1) for test context [DefaultTestContext@77128536 testClass = LocationServiceTest, testInstance = com.sigma.service.LocationServiceTest@74ed3be4, testMethod = deleteLocationTest@LocationServiceTest, testException = [null], mergedContextConfiguration = [WebMergedContextConfiguration@58326051 testClass = LocationServiceTest, locations = '{}', classes = '{class com.sigma.Application}', contextInitializerClasses = '[]', activeProfiles = '{}', propertySourceLocations = '{}', propertySourceProperties = '{org.springframework.boot.test.context.SpringBootTestContextBootstrapper=true}', contextCustomizers = set[org.springframework.boot.test.context.filter.ExcludeFilterContextCustomizer@169e6180, org.springframework.boot.test.json.DuplicateJsonObjectContextCustomizerFactory$DuplicateJsonObjectContextCustomizer@47987356, org.springframework.boot.test.mock.mockito.MockitoContextCustomizer@0, org.springframework.boot.test.web.client.TestRestTemplateContextCustomizer@7bd4937b, org.springframework.boot.test.autoconfigure.actuate.metrics.MetricsExportContextCustomizerFactory$DisableMetricExportContextCustomizer@209da20d, org.springframework.boot.test.autoconfigure.properties.PropertyMappingContextCustomizer@0, org.springframework.boot.test.autoconfigure.web.servlet.WebDriverContextCustomizerFactory$Customizer@31fa1761, org.springframework.boot.test.context.SpringBootTestArgs@1, org.springframework.boot.test.context.SpringBootTestWebEnvironment@c46bcd4], resourceBasePath = 'src/main/webapp', contextLoader = 'org.springframework.boot.test.context.SpringBootContextLoader', parent = [null]], attributes = map['org.springframework.test.context.web.ServletTestExecutionListener.activateListener' -> true, 'org.springframework.test.context.web.ServletTestExecutionListener.populatedRequestContextHolder' -> true, 'org.springframework.test.context.web.ServletTestExecutionListener.resetRequestContextHolder' -> true, 'org.springframework.test.context.event.ApplicationEventsTestExecutionListener.recordApplicationEvents' -> false]]; transaction manager [org.springframework.orm.jpa.JpaTransactionManager@2686a801]; rollback [true]
2022-03-29 17:44:03.749  INFO 13348 --- [           main] c.s.service.impl.LocationServiceImpl     : Getting list of location
2022-03-29 17:44:03.753 TRACE 13348 --- [           main] o.s.t.i.TransactionInterceptor           : Getting transaction for [org.springframework.data.jpa.repository.support.SimpleJpaRepository.findAll]
Hibernate: select location0_.location_id as location1_2_, location0_.city as city2_2_, location0_.house_number as house_nu3_2_, location0_.location_name as location4_2_, location0_.street as street5_2_, location0_.zip_code as zip_code6_2_ from locations location0_
2022-03-29 17:44:03.848 TRACE 13348 --- [           main] o.s.t.i.TransactionInterceptor           : Completing transaction for [org.springframework.data.jpa.repository.support.SimpleJpaRepository.findAll]
2022-03-29 17:44:03.849 TRACE 13348 --- [           main] o.s.t.i.TransactionInterceptor           : Getting transaction for [org.springframework.data.jpa.repository.support.SimpleJpaRepository.existsById]
Hibernate: select count(*) as col_0_0_ from locations location0_ where location0_.location_id=?
2022-03-29 17:44:03.857 TRACE 13348 --- [           main] o.s.t.i.TransactionInterceptor           : Completing transaction for [org.springframework.data.jpa.repository.support.SimpleJpaRepository.existsById]
2022-03-29 17:44:03.865  INFO 13348 --- [           main] o.s.t.c.transaction.TransactionContext   : Rolled back transaction for test: [DefaultTestContext@77128536 testClass = LocationServiceTest, testInstance = com.sigma.service.LocationServiceTest@74ed3be4, testMethod = deleteLocationTest@LocationServiceTest, testException = javax.persistence.EntityNotFoundException, mergedContextConfiguration = [WebMergedContextConfiguration@58326051 testClass = LocationServiceTest, locations = '{}', classes = '{class com.sigma.Application}', contextInitializerClasses = '[]', activeProfiles = '{}', propertySourceLocations = '{}', propertySourceProperties = '{org.springframework.boot.test.context.SpringBootTestContextBootstrapper=true}', contextCustomizers = set[org.springframework.boot.test.context.filter.ExcludeFilterContextCustomizer@169e6180, org.springframework.boot.test.json.DuplicateJsonObjectContextCustomizerFactory$DuplicateJsonObjectContextCustomizer@47987356, org.springframework.boot.test.mock.mockito.MockitoContextCustomizer@0, org.springframework.boot.test.web.client.TestRestTemplateContextCustomizer@7bd4937b, org.springframework.boot.test.autoconfigure.actuate.metrics.MetricsExportContextCustomizerFactory$DisableMetricExportContextCustomizer@209da20d, org.springframework.boot.test.autoconfigure.properties.PropertyMappingContextCustomizer@0, org.springframework.boot.test.autoconfigure.web.servlet.WebDriverContextCustomizerFactory$Customizer@31fa1761, org.springframework.boot.test.context.SpringBootTestArgs@1, org.springframework.boot.test.context.SpringBootTestWebEnvironment@c46bcd4], resourceBasePath = 'src/main/webapp', contextLoader = 'org.springframework.boot.test.context.SpringBootContextLoader', parent = [null]], attributes = map['org.springframework.test.context.web.ServletTestExecutionListener.activateListener' -> true, 'org.springframework.test.context.web.ServletTestExecutionListener.populatedRequestContextHolder' -> true, 'org.springframework.test.context.web.ServletTestExecutionListener.resetRequestContextHolder' -> true, 'org.springframework.test.context.event.ApplicationEventsTestExecutionListener.recordApplicationEvents' -> false]]
]]></system-out>
  </testcase>
  <testcase name="findLocationByIdTest" classname="com.sigma.service.LocationServiceTest" time="0.016">
    <error type="javax.persistence.EntityNotFoundException">javax.persistence.EntityNotFoundException
	at com.sigma.service.LocationServiceTest.findLocationByIdTest(LocationServiceTest.java:24)
</error>
    <system-out><![CDATA[2022-03-29 17:44:03.878  INFO 13348 --- [           main] o.s.t.c.transaction.TransactionContext   : Began transaction (1) for test context [DefaultTestContext@77128536 testClass = LocationServiceTest, testInstance = com.sigma.service.LocationServiceTest@2df7766b, testMethod = findLocationByIdTest@LocationServiceTest, testException = [null], mergedContextConfiguration = [WebMergedContextConfiguration@58326051 testClass = LocationServiceTest, locations = '{}', classes = '{class com.sigma.Application}', contextInitializerClasses = '[]', activeProfiles = '{}', propertySourceLocations = '{}', propertySourceProperties = '{org.springframework.boot.test.context.SpringBootTestContextBootstrapper=true}', contextCustomizers = set[org.springframework.boot.test.context.filter.ExcludeFilterContextCustomizer@169e6180, org.springframework.boot.test.json.DuplicateJsonObjectContextCustomizerFactory$DuplicateJsonObjectContextCustomizer@47987356, org.springframework.boot.test.mock.mockito.MockitoContextCustomizer@0, org.springframework.boot.test.web.client.TestRestTemplateContextCustomizer@7bd4937b, org.springframework.boot.test.autoconfigure.actuate.metrics.MetricsExportContextCustomizerFactory$DisableMetricExportContextCustomizer@209da20d, org.springframework.boot.test.autoconfigure.properties.PropertyMappingContextCustomizer@0, org.springframework.boot.test.autoconfigure.web.servlet.WebDriverContextCustomizerFactory$Customizer@31fa1761, org.springframework.boot.test.context.SpringBootTestArgs@1, org.springframework.boot.test.context.SpringBootTestWebEnvironment@c46bcd4], resourceBasePath = 'src/main/webapp', contextLoader = 'org.springframework.boot.test.context.SpringBootContextLoader', parent = [null]], attributes = map['org.springframework.test.context.web.ServletTestExecutionListener.activateListener' -> true, 'org.springframework.test.context.web.ServletTestExecutionListener.populatedRequestContextHolder' -> true, 'org.springframework.test.context.web.ServletTestExecutionListener.resetRequestContextHolder' -> true, 'org.springframework.test.context.event.ApplicationEventsTestExecutionListener.recordApplicationEvents' -> false]]; transaction manager [org.springframework.orm.jpa.JpaTransactionManager@2686a801]; rollback [true]
2022-03-29 17:44:03.880  INFO 13348 --- [           main] c.s.service.impl.LocationServiceImpl     : Searching for location with id 1
2022-03-29 17:44:03.880 TRACE 13348 --- [           main] o.s.t.i.TransactionInterceptor           : Getting transaction for [org.springframework.data.jpa.repository.support.SimpleJpaRepository.findById]
Hibernate: select location0_.location_id as location1_2_0_, location0_.city as city2_2_0_, location0_.house_number as house_nu3_2_0_, location0_.location_name as location4_2_0_, location0_.street as street5_2_0_, location0_.zip_code as zip_code6_2_0_ from locations location0_ where location0_.location_id=?
2022-03-29 17:44:03.887 TRACE 13348 --- [           main] o.s.t.i.TransactionInterceptor           : Completing transaction for [org.springframework.data.jpa.repository.support.SimpleJpaRepository.findById]
2022-03-29 17:44:03.889  INFO 13348 --- [           main] o.s.t.c.transaction.TransactionContext   : Rolled back transaction for test: [DefaultTestContext@77128536 testClass = LocationServiceTest, testInstance = com.sigma.service.LocationServiceTest@2df7766b, testMethod = findLocationByIdTest@LocationServiceTest, testException = javax.persistence.EntityNotFoundException, mergedContextConfiguration = [WebMergedContextConfiguration@58326051 testClass = LocationServiceTest, locations = '{}', classes = '{class com.sigma.Application}', contextInitializerClasses = '[]', activeProfiles = '{}', propertySourceLocations = '{}', propertySourceProperties = '{org.springframework.boot.test.context.SpringBootTestContextBootstrapper=true}', contextCustomizers = set[org.springframework.boot.test.context.filter.ExcludeFilterContextCustomizer@169e6180, org.springframework.boot.test.json.DuplicateJsonObjectContextCustomizerFactory$DuplicateJsonObjectContextCustomizer@47987356, org.springframework.boot.test.mock.mockito.MockitoContextCustomizer@0, org.springframework.boot.test.web.client.TestRestTemplateContextCustomizer@7bd4937b, org.springframework.boot.test.autoconfigure.actuate.metrics.MetricsExportContextCustomizerFactory$DisableMetricExportContextCustomizer@209da20d, org.springframework.boot.test.autoconfigure.properties.PropertyMappingContextCustomizer@0, org.springframework.boot.test.autoconfigure.web.servlet.WebDriverContextCustomizerFactory$Customizer@31fa1761, org.springframework.boot.test.context.SpringBootTestArgs@1, org.springframework.boot.test.context.SpringBootTestWebEnvironment@c46bcd4], resourceBasePath = 'src/main/webapp', contextLoader = 'org.springframework.boot.test.context.SpringBootContextLoader', parent = [null]], attributes = map['org.springframework.test.context.web.ServletTestExecutionListener.activateListener' -> true, 'org.springframework.test.context.web.ServletTestExecutionListener.populatedRequestContextHolder' -> true, 'org.springframework.test.context.web.ServletTestExecutionListener.resetRequestContextHolder' -> true, 'org.springframework.test.context.event.ApplicationEventsTestExecutionListener.recordApplicationEvents' -> false]]
]]></system-out>
  </testcase>
  <testcase name="updateLocationTest" classname="com.sigma.service.LocationServiceTest" time="0.009">
    <error type="javax.persistence.EntityNotFoundException">javax.persistence.EntityNotFoundException
	at com.sigma.service.LocationServiceTest.updateLocationTest(LocationServiceTest.java:47)
</error>
    <system-out><![CDATA[2022-03-29 17:44:03.891  INFO 13348 --- [           main] o.s.t.c.transaction.TransactionContext   : Began transaction (1) for test context [DefaultTestContext@77128536 testClass = LocationServiceTest, testInstance = com.sigma.service.LocationServiceTest@d98ce13, testMethod = updateLocationTest@LocationServiceTest, testException = [null], mergedContextConfiguration = [WebMergedContextConfiguration@58326051 testClass = LocationServiceTest, locations = '{}', classes = '{class com.sigma.Application}', contextInitializerClasses = '[]', activeProfiles = '{}', propertySourceLocations = '{}', propertySourceProperties = '{org.springframework.boot.test.context.SpringBootTestContextBootstrapper=true}', contextCustomizers = set[org.springframework.boot.test.context.filter.ExcludeFilterContextCustomizer@169e6180, org.springframework.boot.test.json.DuplicateJsonObjectContextCustomizerFactory$DuplicateJsonObjectContextCustomizer@47987356, org.springframework.boot.test.mock.mockito.MockitoContextCustomizer@0, org.springframework.boot.test.web.client.TestRestTemplateContextCustomizer@7bd4937b, org.springframework.boot.test.autoconfigure.actuate.metrics.MetricsExportContextCustomizerFactory$DisableMetricExportContextCustomizer@209da20d, org.springframework.boot.test.autoconfigure.properties.PropertyMappingContextCustomizer@0, org.springframework.boot.test.autoconfigure.web.servlet.WebDriverContextCustomizerFactory$Customizer@31fa1761, org.springframework.boot.test.context.SpringBootTestArgs@1, org.springframework.boot.test.context.SpringBootTestWebEnvironment@c46bcd4], resourceBasePath = 'src/main/webapp', contextLoader = 'org.springframework.boot.test.context.SpringBootContextLoader', parent = [null]], attributes = map['org.springframework.test.context.web.ServletTestExecutionListener.activateListener' -> true, 'org.springframework.test.context.web.ServletTestExecutionListener.populatedRequestContextHolder' -> true, 'org.springframework.test.context.web.ServletTestExecutionListener.resetRequestContextHolder' -> true, 'org.springframework.test.context.event.ApplicationEventsTestExecutionListener.recordApplicationEvents' -> false]]; transaction manager [org.springframework.orm.jpa.JpaTransactionManager@2686a801]; rollback [true]
2022-03-29 17:44:03.892  INFO 13348 --- [           main] c.s.service.impl.LocationServiceImpl     : Searching for location with id 1
2022-03-29 17:44:03.892 TRACE 13348 --- [           main] o.s.t.i.TransactionInterceptor           : Getting transaction for [org.springframework.data.jpa.repository.support.SimpleJpaRepository.findById]
Hibernate: select location0_.location_id as location1_2_0_, location0_.city as city2_2_0_, location0_.house_number as house_nu3_2_0_, location0_.location_name as location4_2_0_, location0_.street as street5_2_0_, location0_.zip_code as zip_code6_2_0_ from locations location0_ where location0_.location_id=?
2022-03-29 17:44:03.893 TRACE 13348 --- [           main] o.s.t.i.TransactionInterceptor           : Completing transaction for [org.springframework.data.jpa.repository.support.SimpleJpaRepository.findById]
2022-03-29 17:44:03.895  INFO 13348 --- [           main] o.s.t.c.transaction.TransactionContext   : Rolled back transaction for test: [DefaultTestContext@77128536 testClass = LocationServiceTest, testInstance = com.sigma.service.LocationServiceTest@d98ce13, testMethod = updateLocationTest@LocationServiceTest, testException = javax.persistence.EntityNotFoundException, mergedContextConfiguration = [WebMergedContextConfiguration@58326051 testClass = LocationServiceTest, locations = '{}', classes = '{class com.sigma.Application}', contextInitializerClasses = '[]', activeProfiles = '{}', propertySourceLocations = '{}', propertySourceProperties = '{org.springframework.boot.test.context.SpringBootTestContextBootstrapper=true}', contextCustomizers = set[org.springframework.boot.test.context.filter.ExcludeFilterContextCustomizer@169e6180, org.springframework.boot.test.json.DuplicateJsonObjectContextCustomizerFactory$DuplicateJsonObjectContextCustomizer@47987356, org.springframework.boot.test.mock.mockito.MockitoContextCustomizer@0, org.springframework.boot.test.web.client.TestRestTemplateContextCustomizer@7bd4937b, org.springframework.boot.test.autoconfigure.actuate.metrics.MetricsExportContextCustomizerFactory$DisableMetricExportContextCustomizer@209da20d, org.springframework.boot.test.autoconfigure.properties.PropertyMappingContextCustomizer@0, org.springframework.boot.test.autoconfigure.web.servlet.WebDriverContextCustomizerFactory$Customizer@31fa1761, org.springframework.boot.test.context.SpringBootTestArgs@1, org.springframework.boot.test.context.SpringBootTestWebEnvironment@c46bcd4], resourceBasePath = 'src/main/webapp', contextLoader = 'org.springframework.boot.test.context.SpringBootContextLoader', parent = [null]], attributes = map['org.springframework.test.context.web.ServletTestExecutionListener.activateListener' -> true, 'org.springframework.test.context.web.ServletTestExecutionListener.populatedRequestContextHolder' -> true, 'org.springframework.test.context.web.ServletTestExecutionListener.resetRequestContextHolder' -> true, 'org.springframework.test.context.event.ApplicationEventsTestExecutionListener.recordApplicationEvents' -> false]]
]]></system-out>
  </testcase>
  <testcase name="getAllLocation" classname="com.sigma.service.LocationServiceTest" time="0.042"/>
  <testcase name="createLocationTest" classname="com.sigma.service.LocationServiceTest" time="0.01"/>
</testsuite>